e:\cocos\newcocosproject1\proj.win32\debug.win32\appdelegate.obj
e:\cocos\newcocosproject1\proj.win32\debug.win32\helloworldscene.obj
e:\cocos\newcocosproject1\proj.win32\debug.win32\vc120.pdb
e:\cocos\newcocosproject1\proj.win32\debug.win32\vc120.idb
e:\cocos\newcocosproject1\proj.win32\debug.win32\changjing.obj
e:\cocos\newcocosproject1\proj.win32\debug.win32\main.obj
e:\cocos\newcocosproject1\proj.win32\debug.win32\gameover.obj
e:\cocos\newcocosproject1\proj.win32\debug.win32\denglu.obj
e:\cocos\newcocosproject1\proj.win32\debug.win32\socket.obj
e:\cocos\newcocosproject1\proj.win32\debug.win32\danli.obj
e:\cocos\newcocosproject1\proj.win32\debug.win32\newcocosproject1.ilk
e:\cocos\newcocosproject1\proj.win32\debug.win32\newcocosproject1.exe
e:\cocos\newcocosproject1\proj.win32\debug.win32\newcocosproject1.pdb
e:\cocos\newcocosproject1\proj.win32\debug.win32\newcocosproject1.lib
e:\cocos\newcocosproject1\proj.win32\debug.win32\newcocosproject1.exp
e:\cocos\newcocosproject1\proj.win32\newcocosproject1.cab
e:\cocos\newcocosproject1\proj.win32\debug.win32\game.res
e:\cocos\newcocosproject1\proj.win32\debug.win32\newcocosproject1.tlog\cl.command.1.tlog
e:\cocos\newcocosproject1\proj.win32\debug.win32\newcocosproject1.tlog\cl.read.1.tlog
e:\cocos\newcocosproject1\proj.win32\debug.win32\newcocosproject1.tlog\cl.write.1.tlog
e:\cocos\newcocosproject1\proj.win32\debug.win32\newcocosproject1.tlog\link.command.1.tlog
e:\cocos\newcocosproject1\proj.win32\debug.win32\newcocosproject1.tlog\link.read.1.tlog
e:\cocos\newcocosproject1\proj.win32\debug.win32\newcocosproject1.tlog\link.write.1.tlog
e:\cocos\newcocosproject1\proj.win32\debug.win32\newcocosproject1.tlog\newcocosproject1.write.1u.tlog
e:\cocos\newcocosproject1\proj.win32\debug.win32\newcocosproject1.tlog\rc.command.1.tlog
e:\cocos\newcocosproject1\proj.win32\debug.win32\newcocosproject1.tlog\rc.read.1.tlog
e:\cocos\newcocosproject1\proj.win32\debug.win32\newcocosproject1.tlog\rc.write.1.tlog
